[debug] [2024-08-10T01:32:14.665Z] ----------------------------------------------------------------------
[debug] [2024-08-10T01:32:14.669Z] Command:       C:\Program Files\nodejs\node.exe C:\Users\Admin\AppData\Roaming\npm\node_modules\firebase-tools\lib\bin\firebase.js init
[debug] [2024-08-10T01:32:14.670Z] CLI Version:   13.15.1
[debug] [2024-08-10T01:32:14.670Z] Platform:      win32
[debug] [2024-08-10T01:32:14.671Z] Node Version:  v20.14.0
[debug] [2024-08-10T01:32:14.671Z] Time:          Fri Aug 09 2024 20:32:14 GMT-0500 (hora estándar de Colombia)
[debug] [2024-08-10T01:32:14.671Z] ----------------------------------------------------------------------
[debug] 
[debug] [2024-08-10T01:32:14.677Z] >>> [apiv2][query] GET https://firebase-public.firebaseio.com/cli.json [none]
[debug] [2024-08-10T01:32:14.750Z] > command requires scopes: ["email","openid","https://www.googleapis.com/auth/cloudplatformprojects.readonly","https://www.googleapis.com/auth/firebase","https://www.googleapis.com/auth/cloud-platform"]
[debug] [2024-08-10T01:32:14.751Z] > authorizing via signed-in user (siheng.projects@gmail.com)
[info] 
     ######## #### ########  ######## ########     ###     ######  ########
     ##        ##  ##     ## ##       ##     ##  ##   ##  ##       ##
     ######    ##  ########  ######   ########  #########  ######  ######
     ##        ##  ##    ##  ##       ##     ## ##     ##       ## ##
     ##       #### ##     ## ######## ########  ##     ##  ######  ########

You're about to initialize a Firebase project in this directory:

  C:\Users\Admin\Desktop\projects\tienda-virtual

[debug] [2024-08-10T01:32:15.067Z] <<< [apiv2][status] GET https://firebase-public.firebaseio.com/cli.json 200
[debug] [2024-08-10T01:32:15.068Z] <<< [apiv2][body] GET https://firebase-public.firebaseio.com/cli.json {"cloudBuildErrorAfter":1594252800000,"cloudBuildWarnAfter":1590019200000,"defaultNode10After":1594252800000,"minVersion":"3.0.5","node8DeploysDisabledAfter":1613390400000,"node8RuntimeDisabledAfter":1615809600000,"node8WarnAfter":1600128000000}
[info] 
=== Project Setup
[info] 
[info] First, let's associate this project directory with a Firebase project.
[info] You can create multiple project aliases by running firebase use --add, 
[info] but for now we'll just set up a default project.
[info] 
[debug] [2024-08-10T01:32:56.784Z] > refreshing access token with scopes: []
[debug] [2024-08-10T01:32:56.786Z] >>> [apiv2][query] POST https://www.googleapis.com/oauth2/v3/token [none]
[debug] [2024-08-10T01:32:56.787Z] >>> [apiv2][body] POST https://www.googleapis.com/oauth2/v3/token [omitted]
[debug] [2024-08-10T01:32:57.233Z] <<< [apiv2][status] POST https://www.googleapis.com/oauth2/v3/token 200
[debug] [2024-08-10T01:32:57.233Z] <<< [apiv2][body] POST https://www.googleapis.com/oauth2/v3/token [omitted]
[debug] [2024-08-10T01:32:57.384Z] >>> [apiv2][query] GET https://firebase.googleapis.com/v1beta1/projects pageSize=100
[debug] [2024-08-10T01:32:58.547Z] <<< [apiv2][status] GET https://firebase.googleapis.com/v1beta1/projects 200
[debug] [2024-08-10T01:32:58.548Z] <<< [apiv2][body] GET https://firebase.googleapis.com/v1beta1/projects [omitted]
[info] i  Using project project007-78c04 (project007) 
[info] 
=== Hosting Setup
[debug] [2024-08-10T01:33:08.778Z] >>> [apiv2][query] GET https://firebase.googleapis.com/v1beta1/projects/project007-78c04 [none]
[debug] [2024-08-10T01:33:09.258Z] <<< [apiv2][status] GET https://firebase.googleapis.com/v1beta1/projects/project007-78c04 200
[debug] [2024-08-10T01:33:09.259Z] <<< [apiv2][body] GET https://firebase.googleapis.com/v1beta1/projects/project007-78c04 {"projectId":"project007-78c04","projectNumber":"605375160655","displayName":"project007","name":"projects/project007-78c04","resources":{"hostingSite":"project007-78c04","realtimeDatabaseInstance":"project007-78c04-default-rtdb","storageBucket":"project007-78c04.appspot.com","locationId":"us-central"},"state":"ACTIVE","etag":"1_012c8637-613d-4632-8354-11aead1270ff"}
[info] 
[info] Your public directory is the folder (relative to your project directory) that
[info] will contain Hosting assets to be uploaded with firebase deploy. If you
[info] have a build process for your assets, use your build's output directory.
[info] 
